<?xml version="1.0" encoding="utf-8"?><testsuites><testsuite errors="0" failures="0" hostname="rhl-MS-7A54" name="pytest" skipped="0" tests="3" time="1.443" timestamp="2020-09-03T17:30:20.699393"><testcase classname="scripts.test.Test01" file="scripts/test.py" line="26" name="test01[case0]" time="0.436"></testcase><testcase classname="scripts.test.Test01" file="scripts/test.py" line="26" name="test01[case1]" time="0.310"></testcase><testcase classname="scripts.test.Test01" file="scripts/test.py" line="26" name="test01[case2]" time="0.288"></testcase></testsuite></testsuites>